<?xml version="1.0" encoding="UTF-8" ?>
<testsuite errors="0" failures="0" hostname="PC286526" name="com.junit.Testadd" skipped="0" tests="1" time="0.061" timestamp="2018-05-09T10:12:07">
  <properties>
[...]
</properties>
  <testcase classname="com.junit.Testadd" name="test" time="0.02" />
  <system-out><![CDATA[15:42:07,271 |-INFO in ch.qos.logback.classic.LoggerContext[default] - Could NOT find resource [logback.groovy]
15:42:07,271 |-INFO in ch.qos.logback.classic.LoggerContext[default] - Could NOT find resource [logback-test.xml]
15:42:07,272 |-INFO in ch.qos.logback.classic.LoggerContext[default] - Found resource [logback.xml] at [jar:file:/D:/corbertura/cobertura-2.1.1/cobertura-2.1.1-sources.jar!/logback.xml]
15:42:07,273 |-WARN in ch.qos.logback.classic.LoggerContext[default] - Resource [logback.xml] occurs multiple times on the classpath.
15:42:07,273 |-WARN in ch.qos.logback.classic.LoggerContext[default] - Resource [logback.xml] occurs at [jar:file:/D:/corbertura/cobertura-2.1.1/cobertura-2.1.1-sources.jar!/logback.xml]
15:42:07,273 |-WARN in ch.qos.logback.classic.LoggerContext[default] - Resource [logback.xml] occurs at [jar:file:/D:/corbertura/cobertura-2.1.1/cobertura-2.1.1.jar!/logback.xml]
15:42:07,298 |-INFO in ch.qos.logback.core.joran.spi.ConfigurationWatchList@6ad5c04e - URL [jar:file:/D:/corbertura/cobertura-2.1.1/cobertura-2.1.1-sources.jar!/logback.xml] is not of type file
15:42:07,403 |-INFO in ch.qos.logback.classic.joran.action.ConfigurationAction - debug attribute not set
15:42:07,443 |-INFO in ch.qos.logback.core.joran.action.AppenderAction - About to instantiate appender of type [ch.qos.logback.core.ConsoleAppender]
15:42:07,470 |-INFO in ch.qos.logback.core.joran.action.AppenderAction - Naming appender as [STDOUT]
15:42:07,520 |-INFO in ch.qos.logback.core.joran.action.NestedComplexPropertyIA - Assuming default type [ch.qos.logback.classic.encoder.PatternLayoutEncoder] for [encoder] property
15:42:07,654 |-INFO in ch.qos.logback.classic.joran.action.LoggerAction - Setting level of logger [net.sourceforge.cobertura] to INFO
15:42:07,654 |-INFO in ch.qos.logback.classic.joran.action.RootLoggerAction - Setting level of ROOT logger to DEBUG
15:42:07,654 |-INFO in ch.qos.logback.core.joran.action.AppenderRefAction - Attaching appender named [STDOUT] to Logger[ROOT]
15:42:07,655 |-INFO in ch.qos.logback.classic.joran.action.ConfigurationAction - End of configuration.
15:42:07,657 |-INFO in ch.qos.logback.classic.joran.JoranConfigurator@6833ce2c - Registering current configuration as safe fallback point

]]></system-out>
  <system-err><![CDATA[]]></system-err>
</testsuite>
